<?xml version="1.0" encoding="UTF-8"?>
<testsuite xmlns:xsi="http://www.w3.org/2001/XMLSchema-instance" xsi:noNamespaceSchemaLocation="https://maven.apache.org/surefire/maven-surefire-plugin/xsd/surefire-test-report-3.0.xsd" version="3.0" name="com.example.promart.PromartApplicationTests" time="9.505" tests="1" errors="0" skipped="0" failures="0">
  <properties>
[...]
</properties>
  <testcase name="contextLoads" classname="com.example.promart.PromartApplicationTests" time="1.742">
    <system-out><![CDATA[Standard Commons Logging discovery in action with spring-jcl: please remove commons-logging.jar from classpath in order to avoid potential conflicts
12:08:47.568 [main] INFO org.springframework.boot.devtools.restart.RestartApplicationListener -- Restart disabled due to context in which it is running

  .   ____          _            __ _ _
 /\\ / ___'_ __ _ _(_)_ __  __ _ \ \ \ \
( ( )\___ | '_ | '_| | '_ \/ _` | \ \ \ \
 \\/  ___)| |_)| | | | | || (_| |  ) ) ) )
  '  |____| .__|_| |_|_| |_\__, | / / / /
 =========|_|==============|___/=/_/_/_/
 :: Spring Boot ::                (v3.2.2)

2025-02-03T12:08:48.223+05:30  INFO 30464 --- [promart] [           main] c.e.promart.PromartApplicationTests      : Starting PromartApplicationTests using Java 23.0.1 with PID 30464 (started by msiva in C:\Users\msiva\OneDrive\Desktop\major_project\server)
2025-02-03T12:08:48.226+05:30  INFO 30464 --- [promart] [           main] c.e.promart.PromartApplicationTests      : No active profile set, falling back to 1 default profile: "default"
2025-02-03T12:08:49.761+05:30  INFO 30464 --- [promart] [           main] .s.d.r.c.RepositoryConfigurationDelegate : Bootstrapping Spring Data MongoDB repositories in DEFAULT mode.
2025-02-03T12:08:49.942+05:30  INFO 30464 --- [promart] [           main] .s.d.r.c.RepositoryConfigurationDelegate : Finished Spring Data repository scanning in 168 ms. Found 2 MongoDB repository interfaces.
2025-02-03T12:08:51.261+05:30  INFO 30464 --- [promart] [           main] org.mongodb.driver.client                : MongoClient with metadata {"application": {"name": "promart"}, "driver": {"name": "mongo-java-driver|sync|spring-boot", "version": "4.11.1"}, "os": {"type": "Windows", "name": "Windows 11", "architecture": "amd64", "version": "10.0"}, "platform": "Java/Oracle Corporation/23.0.1+11-39"} created with settings MongoClientSettings{readPreference=primary, writeConcern=WriteConcern{w=majority, wTimeout=null ms, journal=null}, retryWrites=true, retryReads=true, readConcern=ReadConcern{level=null}, credential=MongoCredential{mechanism=null, userName='msivaganesh1115', source='admin', password=<hidden>, mechanismProperties=<hidden>}, transportSettings=null, streamFactoryFactory=null, commandListeners=[], codecRegistry=ProvidersCodecRegistry{codecProviders=[ValueCodecProvider{}, BsonValueCodecProvider{}, DBRefCodecProvider{}, DBObjectCodecProvider{}, DocumentCodecProvider{}, CollectionCodecProvider{}, IterableCodecProvider{}, MapCodecProvider{}, GeoJsonCodecProvider{}, GridFSFileCodecProvider{}, Jsr310CodecProvider{}, JsonObjectCodecProvider{}, BsonCodecProvider{}, EnumCodecProvider{}, com.mongodb.client.model.mql.ExpressionCodecProvider@4fb56bea, com.mongodb.Jep395RecordCodecProvider@5e5beb8a, com.mongodb.KotlinCodecProvider@1f95881a]}, loggerSettings=LoggerSettings{maxDocumentLength=1000}, clusterSettings={hosts=[127.0.0.1:27017], srvHost=promart.pqerg.mongodb.net, srvServiceName=mongodb, mode=MULTIPLE, requiredClusterType=REPLICA_SET, requiredReplicaSetName='atlas-hatur7-shard-0', serverSelector='null', clusterListeners='[]', serverSelectionTimeout='30000 ms', localThreshold='15 ms'}, socketSettings=SocketSettings{connectTimeoutMS=10000, readTimeoutMS=0, receiveBufferSize=0, proxySettings=ProxySettings{host=null, port=null, username=null, password=null}}, heartbeatSocketSettings=SocketSettings{connectTimeoutMS=10000, readTimeoutMS=10000, receiveBufferSize=0, proxySettings=ProxySettings{host=null, port=null, username=null, password=null}}, connectionPoolSettings=ConnectionPoolSettings{maxSize=100, minSize=0, maxWaitTimeMS=120000, maxConnectionLifeTimeMS=0, maxConnectionIdleTimeMS=0, maintenanceInitialDelayMS=0, maintenanceFrequencyMS=60000, connectionPoolListeners=[], maxConnecting=2}, serverSettings=ServerSettings{heartbeatFrequencyMS=10000, minHeartbeatFrequencyMS=500, serverListeners='[]', serverMonitorListeners='[]'}, sslSettings=SslSettings{enabled=true, invalidHostNameAllowed=false, context=null}, applicationName='promart', compressorList=[], uuidRepresentation=JAVA_LEGACY, serverApi=null, autoEncryptionSettings=null, dnsClient=null, inetAddressResolver=null, contextProvider=null}
2025-02-03T12:08:51.262+05:30  INFO 30464 --- [promart] [erg.mongodb.net] org.mongodb.driver.cluster               : Adding discovered server promart-shard-00-01.pqerg.mongodb.net:27017 to client view of cluster
2025-02-03T12:08:51.355+05:30  INFO 30464 --- [promart] [erg.mongodb.net] org.mongodb.driver.cluster               : Adding discovered server promart-shard-00-02.pqerg.mongodb.net:27017 to client view of cluster
2025-02-03T12:08:51.363+05:30  INFO 30464 --- [promart] [erg.mongodb.net] org.mongodb.driver.cluster               : Adding discovered server promart-shard-00-00.pqerg.mongodb.net:27017 to client view of cluster
2025-02-03T12:08:52.845+05:30  INFO 30464 --- [promart] [ngodb.net:27017] org.mongodb.driver.cluster               : Monitor thread successfully connected to server with description ServerDescription{address=promart-shard-00-00.pqerg.mongodb.net:27017, type=REPLICA_SET_SECONDARY, state=CONNECTED, ok=true, minWireVersion=0, maxWireVersion=25, maxDocumentSize=16777216, logicalSessionTimeoutMinutes=30, roundTripTimeNanos=934901000, setName='atlas-hatur7-shard-0', canonicalAddress=promart-shard-00-00.pqerg.mongodb.net:27017, hosts=[promart-shard-00-01.pqerg.mongodb.net:27017, promart-shard-00-02.pqerg.mongodb.net:27017, promart-shard-00-00.pqerg.mongodb.net:27017], passives=[], arbiters=[], primary='promart-shard-00-02.pqerg.mongodb.net:27017', tagSet=TagSet{[Tag{name='availabilityZone', value='aps1-az1'}, Tag{name='diskState', value='READY'}, Tag{name='nodeType', value='ELECTABLE'}, Tag{name='provider', value='AWS'}, Tag{name='region', value='AP_SOUTH_1'}, Tag{name='workloadType', value='OPERATIONAL'}]}, electionId=null, setVersion=205, topologyVersion=TopologyVersion{processId=679e812bf36050948d7c3496, counter=4}, lastWriteDate=Mon Feb 03 12:08:52 IST 2025, lastUpdateTimeNanos=264357254344900}
2025-02-03T12:08:52.845+05:30  INFO 30464 --- [promart] [ngodb.net:27017] org.mongodb.driver.cluster               : Monitor thread successfully connected to server with description ServerDescription{address=promart-shard-00-01.pqerg.mongodb.net:27017, type=REPLICA_SET_SECONDARY, state=CONNECTED, ok=true, minWireVersion=0, maxWireVersion=25, maxDocumentSize=16777216, logicalSessionTimeoutMinutes=30, roundTripTimeNanos=934982600, setName='atlas-hatur7-shard-0', canonicalAddress=promart-shard-00-01.pqerg.mongodb.net:27017, hosts=[promart-shard-00-01.pqerg.mongodb.net:27017, promart-shard-00-02.pqerg.mongodb.net:27017, promart-shard-00-00.pqerg.mongodb.net:27017], passives=[], arbiters=[], primary='promart-shard-00-02.pqerg.mongodb.net:27017', tagSet=TagSet{[Tag{name='availabilityZone', value='aps1-az3'}, Tag{name='diskState', value='READY'}, Tag{name='nodeType', value='ELECTABLE'}, Tag{name='provider', value='AWS'}, Tag{name='region', value='AP_SOUTH_1'}, Tag{name='workloadType', value='OPERATIONAL'}]}, electionId=null, setVersion=205, topologyVersion=TopologyVersion{processId=679e871ab6603295c793c403, counter=3}, lastWriteDate=Mon Feb 03 12:08:52 IST 2025, lastUpdateTimeNanos=264357254345100}
2025-02-03T12:08:52.845+05:30  INFO 30464 --- [promart] [ngodb.net:27017] org.mongodb.driver.cluster               : Monitor thread successfully connected to server with description ServerDescription{address=promart-shard-00-02.pqerg.mongodb.net:27017, type=REPLICA_SET_PRIMARY, state=CONNECTED, ok=true, minWireVersion=0, maxWireVersion=25, maxDocumentSize=16777216, logicalSessionTimeoutMinutes=30, roundTripTimeNanos=934954100, setName='atlas-hatur7-shard-0', canonicalAddress=promart-shard-00-02.pqerg.mongodb.net:27017, hosts=[promart-shard-00-01.pqerg.mongodb.net:27017, promart-shard-00-02.pqerg.mongodb.net:27017, promart-shard-00-00.pqerg.mongodb.net:27017], passives=[], arbiters=[], primary='promart-shard-00-02.pqerg.mongodb.net:27017', tagSet=TagSet{[Tag{name='availabilityZone', value='aps1-az2'}, Tag{name='diskState', value='READY'}, Tag{name='nodeType', value='ELECTABLE'}, Tag{name='provider', value='AWS'}, Tag{name='region', value='AP_SOUTH_1'}, Tag{name='workloadType', value='OPERATIONAL'}]}, electionId=7fffffff00000000000000a1, setVersion=205, topologyVersion=TopologyVersion{processId=679e84793626571fa5b61c2c, counter=6}, lastWriteDate=Mon Feb 03 12:08:52 IST 2025, lastUpdateTimeNanos=264357254344900}
2025-02-03T12:08:52.857+05:30  INFO 30464 --- [promart] [ngodb.net:27017] org.mongodb.driver.cluster               : Discovered replica set primary promart-shard-00-02.pqerg.mongodb.net:27017 with max election id 7fffffff00000000000000a1 and max set version 205
2025-02-03T12:08:54.206+05:30  INFO 30464 --- [promart] [           main] c.e.promart.PromartApplicationTests      : Started PromartApplicationTests in 6.678 seconds (process running for 9.122)
]]></system-out>
    <system-err><![CDATA[WARNING: A Java agent has been loaded dynamically (C:\Users\msiva\.m2\repository\net\bytebuddy\byte-buddy-agent\1.14.11\byte-buddy-agent-1.14.11.jar)
WARNING: If a serviceability tool is in use, please run with -XX:+EnableDynamicAgentLoading to hide this warning
WARNING: If a serviceability tool is not in use, please run with -Djdk.instrument.traceUsage for more information
WARNING: Dynamic loading of agents will be disallowed by default in a future release
]]></system-err>
  </testcase>
</testsuite>